Terminals which are not used

   T_Type
   '('


Grammar

    0 $accept: Start $end

    1 Start: Classes

    2 Classes: Classes Class
    3        | Class

    4 Class: T_Cid '{' Variables Methods '}' ';'
    5      | T_Cid T_From T_Cid '{' Variables Methods '}' ';'

    6 Variables: Variables Variable
    7          | /* empty */

    8 Variable: Initializers ':' Type ';'

    9 Initializers: Initializers ',' T_Vid
   10             | T_Vid

   11 Type: T_Integer
   12     | T_Boolean
   13     | T_Cid

   14 Methods: Methods Method
   15        | /* empty */

   16 Method: T_Mid Arguments ')' ':' RType '{' MethodBody '}' ';'

   17 MethodBody: Variables Statements T_return RValue ';'

   18 Arguments: Arguments ',' Parameter
   19          | Parameter
   20          | /* empty */

   21 Parameter: T_Vid ':' Type

   22 Statements: Statements Statement
   23           | /* empty */

   24 Statement: Assignment
   25          | Print
   26          | If

   27 RValue: Expression
   28       | /* empty */

   29 RType: Type
   30      | T_Nothing

   31 Assignment: T_AssVid Expression ';'

   32 Print: T_Print Expression ';'

   33 If: T_If Expression T_Then Statement

   34 Expression: Expression '*' Expression
   35           | Expression '/' Expression
   36           | Expression '+' Expression
   37           | Expression '-' Expression
   38           | Expression '<' Expression
   39           | Expression "<=" Expression
   40           | Expression T_And Expression
   41           | T_Not Expression
   42           | '-' Expression
   43           | T_Vid '.' T_Mid ExpressionList ')'
   44           | T_Cid '.' T_Mid ExpressionList ')'
   45           | T_Mid ExpressionList ')'
   46           | T_Vid
   47           | T_Int
   48           | T_Bool

   49 ExpressionList: ExpressionList ',' Expression
   50               | Expression
   51               | /* empty */


Terminals, with rules where they appear

$end (0) 0
'(' (40)
')' (41) 16 43 44 45
'*' (42) 34
'+' (43) 36
',' (44) 9 18 49
'-' (45) 37 42
'.' (46) 43 44
'/' (47) 35
':' (58) 8 16 21
';' (59) 4 5 8 16 17 31 32
'<' (60) 38
'{' (123) 4 5 16
'}' (125) 4 5 16
error (256)
T_Int (258) 47
T_Cid (259) 4 5 13 44
T_Vid (260) 9 10 21 43 46
T_AssVid (261) 31
T_Mid (262) 16 43 44 45
T_return (263) 17
T_Print (264) 32
T_If (265) 33
T_Then (266) 33
T_Bool (267) 48
T_From (268) 5
T_Not (269) 41
T_And (270) 40
T_Type (271)
T_Nothing (272) 30
T_Integer (273) 11
T_Boolean (274) 12
"<=" (275) 39
T_Neg (276)


Nonterminals, with rules where they appear

$accept (35)
    on left: 0
Start (36)
    on left: 1, on right: 0
Classes (37)
    on left: 2 3, on right: 1 2
Class (38)
    on left: 4 5, on right: 2 3
Variables (39)
    on left: 6 7, on right: 4 5 6 17
Variable (40)
    on left: 8, on right: 6
Initializers (41)
    on left: 9 10, on right: 8 9
Type (42)
    on left: 11 12 13, on right: 8 21 29
Methods (43)
    on left: 14 15, on right: 4 5 14
Method (44)
    on left: 16, on right: 14
MethodBody (45)
    on left: 17, on right: 16
Arguments (46)
    on left: 18 19 20, on right: 16 18
Parameter (47)
    on left: 21, on right: 18 19
Statements (48)
    on left: 22 23, on right: 17 22
Statement (49)
    on left: 24 25 26, on right: 22 33
RValue (50)
    on left: 27 28, on right: 17
RType (51)
    on left: 29 30, on right: 16
Assignment (52)
    on left: 31, on right: 24
Print (53)
    on left: 32, on right: 25
If (54)
    on left: 33, on right: 26
Expression (55)
    on left: 34 35 36 37 38 39 40 41 42 43 44 45 46 47 48,
    on right: 27 31 32 33 34 35 36 37 38 39 40 41 42 49 50
ExpressionList (56)
    on left: 49 50 51, on right: 43 44 45 49


state 0

    0 $accept: . Start $end

    T_Cid  shift, and go to state 1

    Start    go to state 2
    Classes  go to state 3
    Class    go to state 4


state 1

    4 Class: T_Cid . '{' Variables Methods '}' ';'
    5      | T_Cid . T_From T_Cid '{' Variables Methods '}' ';'

    T_From  shift, and go to state 5
    '{'     shift, and go to state 6


state 2

    0 $accept: Start . $end

    $end  shift, and go to state 7


state 3

    1 Start: Classes .
    2 Classes: Classes . Class

    T_Cid  shift, and go to state 1

    $default  reduce using rule 1 (Start)

    Class  go to state 8


state 4

    3 Classes: Class .

    $default  reduce using rule 3 (Classes)


state 5

    5 Class: T_Cid T_From . T_Cid '{' Variables Methods '}' ';'

    T_Cid  shift, and go to state 9


state 6

    4 Class: T_Cid '{' . Variables Methods '}' ';'

    $default  reduce using rule 7 (Variables)

    Variables  go to state 10


state 7

    0 $accept: Start $end .

    $default  accept


state 8

    2 Classes: Classes Class .

    $default  reduce using rule 2 (Classes)


state 9

    5 Class: T_Cid T_From T_Cid . '{' Variables Methods '}' ';'

    '{'  shift, and go to state 11


state 10

    4 Class: T_Cid '{' Variables . Methods '}' ';'
    6 Variables: Variables . Variable

    T_Vid  shift, and go to state 12

    $default  reduce using rule 15 (Methods)

    Variable      go to state 13
    Initializers  go to state 14
    Methods       go to state 15


state 11

    5 Class: T_Cid T_From T_Cid '{' . Variables Methods '}' ';'

    $default  reduce using rule 7 (Variables)

    Variables  go to state 16


state 12

   10 Initializers: T_Vid .

    $default  reduce using rule 10 (Initializers)


state 13

    6 Variables: Variables Variable .

    $default  reduce using rule 6 (Variables)


state 14

    8 Variable: Initializers . ':' Type ';'
    9 Initializers: Initializers . ',' T_Vid

    ':'  shift, and go to state 17
    ','  shift, and go to state 18


state 15

    4 Class: T_Cid '{' Variables Methods . '}' ';'
   14 Methods: Methods . Method

    T_Mid  shift, and go to state 19
    '}'    shift, and go to state 20

    Method  go to state 21


state 16

    5 Class: T_Cid T_From T_Cid '{' Variables . Methods '}' ';'
    6 Variables: Variables . Variable

    T_Vid  shift, and go to state 12

    $default  reduce using rule 15 (Methods)

    Variable      go to state 13
    Initializers  go to state 14
    Methods       go to state 22


state 17

    8 Variable: Initializers ':' . Type ';'

    T_Cid      shift, and go to state 23
    T_Integer  shift, and go to state 24
    T_Boolean  shift, and go to state 25

    Type  go to state 26


state 18

    9 Initializers: Initializers ',' . T_Vid

    T_Vid  shift, and go to state 27


state 19

   16 Method: T_Mid . Arguments ')' ':' RType '{' MethodBody '}' ';'

    T_Vid  shift, and go to state 28

    $default  reduce using rule 20 (Arguments)

    Arguments  go to state 29
    Parameter  go to state 30


state 20

    4 Class: T_Cid '{' Variables Methods '}' . ';'

    ';'  shift, and go to state 31


state 21

   14 Methods: Methods Method .

    $default  reduce using rule 14 (Methods)


state 22

    5 Class: T_Cid T_From T_Cid '{' Variables Methods . '}' ';'
   14 Methods: Methods . Method

    T_Mid  shift, and go to state 19
    '}'    shift, and go to state 32

    Method  go to state 21


state 23

   13 Type: T_Cid .

    $default  reduce using rule 13 (Type)


state 24

   11 Type: T_Integer .

    $default  reduce using rule 11 (Type)


state 25

   12 Type: T_Boolean .

    $default  reduce using rule 12 (Type)


state 26

    8 Variable: Initializers ':' Type . ';'

    ';'  shift, and go to state 33


state 27

    9 Initializers: Initializers ',' T_Vid .

    $default  reduce using rule 9 (Initializers)


state 28

   21 Parameter: T_Vid . ':' Type

    ':'  shift, and go to state 34


state 29

   16 Method: T_Mid Arguments . ')' ':' RType '{' MethodBody '}' ';'
   18 Arguments: Arguments . ',' Parameter

    ')'  shift, and go to state 35
    ','  shift, and go to state 36


state 30

   19 Arguments: Parameter .

    $default  reduce using rule 19 (Arguments)


state 31

    4 Class: T_Cid '{' Variables Methods '}' ';' .

    $default  reduce using rule 4 (Class)


state 32

    5 Class: T_Cid T_From T_Cid '{' Variables Methods '}' . ';'

    ';'  shift, and go to state 37


state 33

    8 Variable: Initializers ':' Type ';' .

    $default  reduce using rule 8 (Variable)


state 34

   21 Parameter: T_Vid ':' . Type

    T_Cid      shift, and go to state 23
    T_Integer  shift, and go to state 24
    T_Boolean  shift, and go to state 25

    Type  go to state 38


state 35

   16 Method: T_Mid Arguments ')' . ':' RType '{' MethodBody '}' ';'

    ':'  shift, and go to state 39


state 36

   18 Arguments: Arguments ',' . Parameter

    T_Vid  shift, and go to state 28

    Parameter  go to state 40


state 37

    5 Class: T_Cid T_From T_Cid '{' Variables Methods '}' ';' .

    $default  reduce using rule 5 (Class)


state 38

   21 Parameter: T_Vid ':' Type .

    $default  reduce using rule 21 (Parameter)


state 39

   16 Method: T_Mid Arguments ')' ':' . RType '{' MethodBody '}' ';'

    T_Cid      shift, and go to state 23
    T_Nothing  shift, and go to state 41
    T_Integer  shift, and go to state 24
    T_Boolean  shift, and go to state 25

    Type   go to state 42
    RType  go to state 43


state 40

   18 Arguments: Arguments ',' Parameter .

    $default  reduce using rule 18 (Arguments)


state 41

   30 RType: T_Nothing .

    $default  reduce using rule 30 (RType)


state 42

   29 RType: Type .

    $default  reduce using rule 29 (RType)


state 43

   16 Method: T_Mid Arguments ')' ':' RType . '{' MethodBody '}' ';'

    '{'  shift, and go to state 44


state 44

   16 Method: T_Mid Arguments ')' ':' RType '{' . MethodBody '}' ';'

    $default  reduce using rule 7 (Variables)

    Variables   go to state 45
    MethodBody  go to state 46


state 45

    6 Variables: Variables . Variable
   17 MethodBody: Variables . Statements T_return RValue ';'

    T_Vid  shift, and go to state 12

    $default  reduce using rule 23 (Statements)

    Variable      go to state 13
    Initializers  go to state 14
    Statements    go to state 47


state 46

   16 Method: T_Mid Arguments ')' ':' RType '{' MethodBody . '}' ';'

    '}'  shift, and go to state 48


state 47

   17 MethodBody: Variables Statements . T_return RValue ';'
   22 Statements: Statements . Statement

    T_AssVid  shift, and go to state 49
    T_return  shift, and go to state 50
    T_Print   shift, and go to state 51
    T_If      shift, and go to state 52

    Statement   go to state 53
    Assignment  go to state 54
    Print       go to state 55
    If          go to state 56


state 48

   16 Method: T_Mid Arguments ')' ':' RType '{' MethodBody '}' . ';'

    ';'  shift, and go to state 57


state 49

   31 Assignment: T_AssVid . Expression ';'

    T_Int   shift, and go to state 58
    T_Cid   shift, and go to state 59
    T_Vid   shift, and go to state 60
    T_Mid   shift, and go to state 61
    T_Bool  shift, and go to state 62
    T_Not   shift, and go to state 63
    '-'     shift, and go to state 64

    Expression  go to state 65


state 50

   17 MethodBody: Variables Statements T_return . RValue ';'

    T_Int   shift, and go to state 58
    T_Cid   shift, and go to state 59
    T_Vid   shift, and go to state 60
    T_Mid   shift, and go to state 61
    T_Bool  shift, and go to state 62
    T_Not   shift, and go to state 63
    '-'     shift, and go to state 64

    $default  reduce using rule 28 (RValue)

    RValue      go to state 66
    Expression  go to state 67


state 51

   32 Print: T_Print . Expression ';'

    T_Int   shift, and go to state 58
    T_Cid   shift, and go to state 59
    T_Vid   shift, and go to state 60
    T_Mid   shift, and go to state 61
    T_Bool  shift, and go to state 62
    T_Not   shift, and go to state 63
    '-'     shift, and go to state 64

    Expression  go to state 68


state 52

   33 If: T_If . Expression T_Then Statement

    T_Int   shift, and go to state 58
    T_Cid   shift, and go to state 59
    T_Vid   shift, and go to state 60
    T_Mid   shift, and go to state 61
    T_Bool  shift, and go to state 62
    T_Not   shift, and go to state 63
    '-'     shift, and go to state 64

    Expression  go to state 69


state 53

   22 Statements: Statements Statement .

    $default  reduce using rule 22 (Statements)


state 54

   24 Statement: Assignment .

    $default  reduce using rule 24 (Statement)


state 55

   25 Statement: Print .

    $default  reduce using rule 25 (Statement)


state 56

   26 Statement: If .

    $default  reduce using rule 26 (Statement)


state 57

   16 Method: T_Mid Arguments ')' ':' RType '{' MethodBody '}' ';' .

    $default  reduce using rule 16 (Method)


state 58

   47 Expression: T_Int .

    $default  reduce using rule 47 (Expression)


state 59

   44 Expression: T_Cid . '.' T_Mid ExpressionList ')'

    '.'  shift, and go to state 70


state 60

   43 Expression: T_Vid . '.' T_Mid ExpressionList ')'
   46           | T_Vid .

    '.'  shift, and go to state 71

    $default  reduce using rule 46 (Expression)


state 61

   45 Expression: T_Mid . ExpressionList ')'

    T_Int   shift, and go to state 58
    T_Cid   shift, and go to state 59
    T_Vid   shift, and go to state 60
    T_Mid   shift, and go to state 61
    T_Bool  shift, and go to state 62
    T_Not   shift, and go to state 63
    '-'     shift, and go to state 64

    $default  reduce using rule 51 (ExpressionList)

    Expression      go to state 72
    ExpressionList  go to state 73


state 62

   48 Expression: T_Bool .

    $default  reduce using rule 48 (Expression)


state 63

   41 Expression: T_Not . Expression

    T_Int   shift, and go to state 58
    T_Cid   shift, and go to state 59
    T_Vid   shift, and go to state 60
    T_Mid   shift, and go to state 61
    T_Bool  shift, and go to state 62
    T_Not   shift, and go to state 63
    '-'     shift, and go to state 64

    Expression  go to state 74


state 64

   42 Expression: '-' . Expression

    T_Int   shift, and go to state 58
    T_Cid   shift, and go to state 59
    T_Vid   shift, and go to state 60
    T_Mid   shift, and go to state 61
    T_Bool  shift, and go to state 62
    T_Not   shift, and go to state 63
    '-'     shift, and go to state 64

    Expression  go to state 75


state 65

   31 Assignment: T_AssVid Expression . ';'
   34 Expression: Expression . '*' Expression
   35           | Expression . '/' Expression
   36           | Expression . '+' Expression
   37           | Expression . '-' Expression
   38           | Expression . '<' Expression
   39           | Expression . "<=" Expression
   40           | Expression . T_And Expression

    T_And  shift, and go to state 76
    '<'    shift, and go to state 77
    "<="   shift, and go to state 78
    '+'    shift, and go to state 79
    '-'    shift, and go to state 80
    '*'    shift, and go to state 81
    '/'    shift, and go to state 82
    ';'    shift, and go to state 83


state 66

   17 MethodBody: Variables Statements T_return RValue . ';'

    ';'  shift, and go to state 84


state 67

   27 RValue: Expression .
   34 Expression: Expression . '*' Expression
   35           | Expression . '/' Expression
   36           | Expression . '+' Expression
   37           | Expression . '-' Expression
   38           | Expression . '<' Expression
   39           | Expression . "<=" Expression
   40           | Expression . T_And Expression

    T_And  shift, and go to state 76
    '<'    shift, and go to state 77
    "<="   shift, and go to state 78
    '+'    shift, and go to state 79
    '-'    shift, and go to state 80
    '*'    shift, and go to state 81
    '/'    shift, and go to state 82

    $default  reduce using rule 27 (RValue)


state 68

   32 Print: T_Print Expression . ';'
   34 Expression: Expression . '*' Expression
   35           | Expression . '/' Expression
   36           | Expression . '+' Expression
   37           | Expression . '-' Expression
   38           | Expression . '<' Expression
   39           | Expression . "<=" Expression
   40           | Expression . T_And Expression

    T_And  shift, and go to state 76
    '<'    shift, and go to state 77
    "<="   shift, and go to state 78
    '+'    shift, and go to state 79
    '-'    shift, and go to state 80
    '*'    shift, and go to state 81
    '/'    shift, and go to state 82
    ';'    shift, and go to state 85


state 69

   33 If: T_If Expression . T_Then Statement
   34 Expression: Expression . '*' Expression
   35           | Expression . '/' Expression
   36           | Expression . '+' Expression
   37           | Expression . '-' Expression
   38           | Expression . '<' Expression
   39           | Expression . "<=" Expression
   40           | Expression . T_And Expression

    T_Then  shift, and go to state 86
    T_And   shift, and go to state 76
    '<'     shift, and go to state 77
    "<="    shift, and go to state 78
    '+'     shift, and go to state 79
    '-'     shift, and go to state 80
    '*'     shift, and go to state 81
    '/'     shift, and go to state 82


state 70

   44 Expression: T_Cid '.' . T_Mid ExpressionList ')'

    T_Mid  shift, and go to state 87


state 71

   43 Expression: T_Vid '.' . T_Mid ExpressionList ')'

    T_Mid  shift, and go to state 88


state 72

   34 Expression: Expression . '*' Expression
   35           | Expression . '/' Expression
   36           | Expression . '+' Expression
   37           | Expression . '-' Expression
   38           | Expression . '<' Expression
   39           | Expression . "<=" Expression
   40           | Expression . T_And Expression
   50 ExpressionList: Expression .

    T_And  shift, and go to state 76
    '<'    shift, and go to state 77
    "<="   shift, and go to state 78
    '+'    shift, and go to state 79
    '-'    shift, and go to state 80
    '*'    shift, and go to state 81
    '/'    shift, and go to state 82

    $default  reduce using rule 50 (ExpressionList)


state 73

   45 Expression: T_Mid ExpressionList . ')'
   49 ExpressionList: ExpressionList . ',' Expression

    ')'  shift, and go to state 89
    ','  shift, and go to state 90


state 74

   34 Expression: Expression . '*' Expression
   35           | Expression . '/' Expression
   36           | Expression . '+' Expression
   37           | Expression . '-' Expression
   38           | Expression . '<' Expression
   39           | Expression . "<=" Expression
   40           | Expression . T_And Expression
   41           | T_Not Expression .

    '<'   shift, and go to state 77
    "<="  shift, and go to state 78
    '+'   shift, and go to state 79
    '-'   shift, and go to state 80
    '*'   shift, and go to state 81
    '/'   shift, and go to state 82

    $default  reduce using rule 41 (Expression)


state 75

   34 Expression: Expression . '*' Expression
   35           | Expression . '/' Expression
   36           | Expression . '+' Expression
   37           | Expression . '-' Expression
   38           | Expression . '<' Expression
   39           | Expression . "<=" Expression
   40           | Expression . T_And Expression
   42           | '-' Expression .

    $default  reduce using rule 42 (Expression)


state 76

   40 Expression: Expression T_And . Expression

    T_Int   shift, and go to state 58
    T_Cid   shift, and go to state 59
    T_Vid   shift, and go to state 60
    T_Mid   shift, and go to state 61
    T_Bool  shift, and go to state 62
    T_Not   shift, and go to state 63
    '-'     shift, and go to state 64

    Expression  go to state 91


state 77

   38 Expression: Expression '<' . Expression

    T_Int   shift, and go to state 58
    T_Cid   shift, and go to state 59
    T_Vid   shift, and go to state 60
    T_Mid   shift, and go to state 61
    T_Bool  shift, and go to state 62
    T_Not   shift, and go to state 63
    '-'     shift, and go to state 64

    Expression  go to state 92


state 78

   39 Expression: Expression "<=" . Expression

    T_Int   shift, and go to state 58
    T_Cid   shift, and go to state 59
    T_Vid   shift, and go to state 60
    T_Mid   shift, and go to state 61
    T_Bool  shift, and go to state 62
    T_Not   shift, and go to state 63
    '-'     shift, and go to state 64

    Expression  go to state 93


state 79

   36 Expression: Expression '+' . Expression

    T_Int   shift, and go to state 58
    T_Cid   shift, and go to state 59
    T_Vid   shift, and go to state 60
    T_Mid   shift, and go to state 61
    T_Bool  shift, and go to state 62
    T_Not   shift, and go to state 63
    '-'     shift, and go to state 64

    Expression  go to state 94


state 80

   37 Expression: Expression '-' . Expression

    T_Int   shift, and go to state 58
    T_Cid   shift, and go to state 59
    T_Vid   shift, and go to state 60
    T_Mid   shift, and go to state 61
    T_Bool  shift, and go to state 62
    T_Not   shift, and go to state 63
    '-'     shift, and go to state 64

    Expression  go to state 95


state 81

   34 Expression: Expression '*' . Expression

    T_Int   shift, and go to state 58
    T_Cid   shift, and go to state 59
    T_Vid   shift, and go to state 60
    T_Mid   shift, and go to state 61
    T_Bool  shift, and go to state 62
    T_Not   shift, and go to state 63
    '-'     shift, and go to state 64

    Expression  go to state 96


state 82

   35 Expression: Expression '/' . Expression

    T_Int   shift, and go to state 58
    T_Cid   shift, and go to state 59
    T_Vid   shift, and go to state 60
    T_Mid   shift, and go to state 61
    T_Bool  shift, and go to state 62
    T_Not   shift, and go to state 63
    '-'     shift, and go to state 64

    Expression  go to state 97


state 83

   31 Assignment: T_AssVid Expression ';' .

    $default  reduce using rule 31 (Assignment)


state 84

   17 MethodBody: Variables Statements T_return RValue ';' .

    $default  reduce using rule 17 (MethodBody)


state 85

   32 Print: T_Print Expression ';' .

    $default  reduce using rule 32 (Print)


state 86

   33 If: T_If Expression T_Then . Statement

    T_AssVid  shift, and go to state 49
    T_Print   shift, and go to state 51
    T_If      shift, and go to state 52

    Statement   go to state 98
    Assignment  go to state 54
    Print       go to state 55
    If          go to state 56


state 87

   44 Expression: T_Cid '.' T_Mid . ExpressionList ')'

    T_Int   shift, and go to state 58
    T_Cid   shift, and go to state 59
    T_Vid   shift, and go to state 60
    T_Mid   shift, and go to state 61
    T_Bool  shift, and go to state 62
    T_Not   shift, and go to state 63
    '-'     shift, and go to state 64

    $default  reduce using rule 51 (ExpressionList)

    Expression      go to state 72
    ExpressionList  go to state 99


state 88

   43 Expression: T_Vid '.' T_Mid . ExpressionList ')'

    T_Int   shift, and go to state 58
    T_Cid   shift, and go to state 59
    T_Vid   shift, and go to state 60
    T_Mid   shift, and go to state 61
    T_Bool  shift, and go to state 62
    T_Not   shift, and go to state 63
    '-'     shift, and go to state 64

    $default  reduce using rule 51 (ExpressionList)

    Expression      go to state 72
    ExpressionList  go to state 100


state 89

   45 Expression: T_Mid ExpressionList ')' .

    $default  reduce using rule 45 (Expression)


state 90

   49 ExpressionList: ExpressionList ',' . Expression

    T_Int   shift, and go to state 58
    T_Cid   shift, and go to state 59
    T_Vid   shift, and go to state 60
    T_Mid   shift, and go to state 61
    T_Bool  shift, and go to state 62
    T_Not   shift, and go to state 63
    '-'     shift, and go to state 64

    Expression  go to state 101


state 91

   34 Expression: Expression . '*' Expression
   35           | Expression . '/' Expression
   36           | Expression . '+' Expression
   37           | Expression . '-' Expression
   38           | Expression . '<' Expression
   39           | Expression . "<=" Expression
   40           | Expression . T_And Expression
   40           | Expression T_And Expression .

    '<'   shift, and go to state 77
    "<="  shift, and go to state 78
    '+'   shift, and go to state 79
    '-'   shift, and go to state 80
    '*'   shift, and go to state 81
    '/'   shift, and go to state 82

    $default  reduce using rule 40 (Expression)


state 92

   34 Expression: Expression . '*' Expression
   35           | Expression . '/' Expression
   36           | Expression . '+' Expression
   37           | Expression . '-' Expression
   38           | Expression . '<' Expression
   38           | Expression '<' Expression .
   39           | Expression . "<=" Expression
   40           | Expression . T_And Expression

    '+'  shift, and go to state 79
    '-'  shift, and go to state 80
    '*'  shift, and go to state 81
    '/'  shift, and go to state 82

    $default  reduce using rule 38 (Expression)


state 93

   34 Expression: Expression . '*' Expression
   35           | Expression . '/' Expression
   36           | Expression . '+' Expression
   37           | Expression . '-' Expression
   38           | Expression . '<' Expression
   39           | Expression . "<=" Expression
   39           | Expression "<=" Expression .
   40           | Expression . T_And Expression

    '+'  shift, and go to state 79
    '-'  shift, and go to state 80
    '*'  shift, and go to state 81
    '/'  shift, and go to state 82

    $default  reduce using rule 39 (Expression)


state 94

   34 Expression: Expression . '*' Expression
   35           | Expression . '/' Expression
   36           | Expression . '+' Expression
   36           | Expression '+' Expression .
   37           | Expression . '-' Expression
   38           | Expression . '<' Expression
   39           | Expression . "<=" Expression
   40           | Expression . T_And Expression

    '*'  shift, and go to state 81
    '/'  shift, and go to state 82

    $default  reduce using rule 36 (Expression)


state 95

   34 Expression: Expression . '*' Expression
   35           | Expression . '/' Expression
   36           | Expression . '+' Expression
   37           | Expression . '-' Expression
   37           | Expression '-' Expression .
   38           | Expression . '<' Expression
   39           | Expression . "<=" Expression
   40           | Expression . T_And Expression

    '*'  shift, and go to state 81
    '/'  shift, and go to state 82

    $default  reduce using rule 37 (Expression)


state 96

   34 Expression: Expression . '*' Expression
   34           | Expression '*' Expression .
   35           | Expression . '/' Expression
   36           | Expression . '+' Expression
   37           | Expression . '-' Expression
   38           | Expression . '<' Expression
   39           | Expression . "<=" Expression
   40           | Expression . T_And Expression

    $default  reduce using rule 34 (Expression)


state 97

   34 Expression: Expression . '*' Expression
   35           | Expression . '/' Expression
   35           | Expression '/' Expression .
   36           | Expression . '+' Expression
   37           | Expression . '-' Expression
   38           | Expression . '<' Expression
   39           | Expression . "<=" Expression
   40           | Expression . T_And Expression

    $default  reduce using rule 35 (Expression)


state 98

   33 If: T_If Expression T_Then Statement .

    $default  reduce using rule 33 (If)


state 99

   44 Expression: T_Cid '.' T_Mid ExpressionList . ')'
   49 ExpressionList: ExpressionList . ',' Expression

    ')'  shift, and go to state 102
    ','  shift, and go to state 90


state 100

   43 Expression: T_Vid '.' T_Mid ExpressionList . ')'
   49 ExpressionList: ExpressionList . ',' Expression

    ')'  shift, and go to state 103
    ','  shift, and go to state 90


state 101

   34 Expression: Expression . '*' Expression
   35           | Expression . '/' Expression
   36           | Expression . '+' Expression
   37           | Expression . '-' Expression
   38           | Expression . '<' Expression
   39           | Expression . "<=" Expression
   40           | Expression . T_And Expression
   49 ExpressionList: ExpressionList ',' Expression .

    T_And  shift, and go to state 76
    '<'    shift, and go to state 77
    "<="   shift, and go to state 78
    '+'    shift, and go to state 79
    '-'    shift, and go to state 80
    '*'    shift, and go to state 81
    '/'    shift, and go to state 82

    $default  reduce using rule 49 (ExpressionList)


state 102

   44 Expression: T_Cid '.' T_Mid ExpressionList ')' .

    $default  reduce using rule 44 (Expression)


state 103

   43 Expression: T_Vid '.' T_Mid ExpressionList ')' .

    $default  reduce using rule 43 (Expression)
